\BOOKMARK [0][-]{chapter*.4}{\376\377\000L\001\063\000s\000t\000\040\000v\000a\000n\000\040\000t\000a\000b\000e\000l\000l\000e\000n}{}% 1
\BOOKMARK [0][-]{chapter.1}{\376\377\000I\000n\000l\000e\000i\000d\000i\000n\000g}{}% 2
\BOOKMARK [1][-]{subsection.1.0.1}{\376\377\000D\000e\000e\000l\000v\000r\000a\000g\000e\000n\000\040\000m\000.\000b\000.\000t\000\040\000p\000r\000o\000b\000l\000e\000e\000m\000d\000o\000m\000e\000i\000n}{chapter.1}% 3
\BOOKMARK [2][-]{subsection.1.0.2}{\376\377\000D\000e\000e\000l\000v\000r\000a\000g\000e\000n\000\040\000m\000.\000b\000.\000t\000\040\000o\000p\000l\000o\000s\000s\000i\000n\000g\000s\000d\000o\000m\000e\000i\000n}{subsection.1.0.1}% 4
\BOOKMARK [1][-]{section.1.1}{\376\377\000O\000p\000z\000e\000t\000\040\000v\000a\000n\000\040\000d\000e\000z\000e\000\040\000b\000a\000c\000h\000e\000l\000o\000r\000p\000r\000o\000e\000f}{chapter.1}% 5
\BOOKMARK [0][-]{chapter.2}{\376\377\000S\000t\000a\000n\000d\000\040\000v\000a\000n\000\040\000z\000a\000k\000e\000n}{}% 6
\BOOKMARK [1][-]{subsection.2.0.1}{\376\377\000M\000a\000s\000t\000e\000r\000\040\000D\000a\000t\000a\000\040\000M\000a\000n\000a\000g\000e\000m\000e\000n\000t}{chapter.2}% 7
\BOOKMARK [2][-]{subsection.2.0.2}{\376\377\000G\000o\000l\000d\000e\000n\000\040\000r\000e\000c\000o\000r\000d\000s\000\040\000e\000n\000\040\000d\000a\000t\000a\000c\000o\000n\000s\000o\000l\000i\000d\000a\000t\000i\000e}{subsection.2.0.1}% 8
\BOOKMARK [2][-]{subsection.2.0.3}{\376\377\000M\000u\000l\000t\000i\000-\000E\000R\000P\000-\000o\000m\000g\000e\000v\000i\000n\000g\000e\000n\000\040\000e\000n\000\040\000d\000e\000\040\000r\000o\000l\000\040\000v\000a\000n\000\040\000M\000a\000s\000t\000e\000r\000\040\000D\000a\000t\000a\000\040\000M\000a\000n\000a\000g\000e\000m\000e\000n\000t}{subsection.2.0.1}% 9
\BOOKMARK [2][-]{subsection.2.0.4}{\376\377\000D\000a\000t\000a\000\040\000q\000u\000a\000l\000i\000t\000y\000\040\000e\000n\000\040\000d\000a\000t\000a\000\040\000g\000o\000v\000e\000r\000n\000a\000n\000c\000e\000\040\000b\000i\000n\000n\000e\000n\000\040\000M\000D\000M}{subsection.2.0.1}% 10
\BOOKMARK [2][-]{subsection.2.0.5}{\376\377\000B\000e\000s\000t\000a\000a\000n\000d\000e\000\040\000M\000D\000M\000-\000o\000p\000l\000o\000s\000s\000i\000n\000g\000e\000n\000\040\000e\000n\000\040\000i\000m\000p\000l\000e\000m\000e\000n\000t\000a\000t\000i\000e\000b\000e\000n\000a\000d\000e\000r\000i\000n\000g\000e\000n}{subsection.2.0.1}% 11
\BOOKMARK [2][-]{subsection.2.0.6}{\376\377\000O\000p\000e\000n\000\040\000u\000i\000t\000d\000a\000g\000i\000n\000g\000e\000n\000\040\000e\000n\000\040\000p\000o\000s\000i\000t\000i\000o\000n\000e\000r\000i\000n\000g\000\040\000v\000a\000n\000\040\000d\000i\000t\000\040\000o\000n\000d\000e\000r\000z\000o\000e\000k}{subsection.2.0.1}% 12
\BOOKMARK [0][-]{chapter.3}{\376\377\000M\000e\000t\000h\000o\000d\000o\000l\000o\000g\000i\000e}{}% 13
\BOOKMARK [1][-]{section.3.1}{\376\377\000M\000e\000t\000h\000o\000d\000o\000l\000o\000g\000i\000e}{chapter.3}% 14
\BOOKMARK [2][-]{subsection.3.1.1}{\376\377\000O\000n\000d\000e\000r\000z\000o\000e\000k\000s\000o\000p\000z\000e\000t}{section.3.1}% 15
\BOOKMARK [2][-]{subsection.3.1.2}{\376\377\000O\000n\000d\000e\000r\000z\000o\000e\000k\000s\000t\000e\000c\000h\000n\000i\000e\000k\000e\000n}{section.3.1}% 16
\BOOKMARK [2][-]{subsection.3.1.3}{\376\377\000D\000a\000t\000a\000v\000e\000r\000z\000a\000m\000e\000l\000i\000n\000g\000\040\000e\000n\000\040\000r\000e\000q\000u\000i\000r\000e\000m\000e\000n\000t\000s}{section.3.1}% 17
\BOOKMARK [2][-]{subsection.3.1.4}{\376\377\000T\000e\000c\000h\000n\000i\000s\000c\000h\000e\000\040\000u\000i\000t\000v\000o\000e\000r\000i\000n\000g\000\040\000v\000a\000n\000\040\000d\000e\000\040\000P\000o\000C}{section.3.1}% 18
\BOOKMARK [2][-]{subsection.3.1.5}{\376\377\000E\000v\000a\000l\000u\000a\000t\000i\000e\000c\000r\000i\000t\000e\000r\000i\000a}{section.3.1}% 19
\BOOKMARK [2][-]{subsection.3.1.6}{\376\377\000T\000o\000o\000l\000s\000\040\000e\000n\000\040\000t\000e\000c\000h\000n\000o\000l\000o\000g\000i\000e\000\040\000\050\000i\000n\000i\000t\000i\000\353\000l\000e\000\040\000k\000e\000u\000z\000e\000\051}{section.3.1}% 20
\BOOKMARK [2][-]{subsection.3.1.7}{\376\377\000P\000l\000a\000n\000n\000i\000n\000g\000\040\000\050\0001\0004\000\040\000w\000e\000k\000e\000n\000,\000\040\000w\000e\000k\000e\000l\000i\000j\000k\000s\000e\000\040\000c\000y\000c\000l\000u\000s\000\051}{section.3.1}% 21
\BOOKMARK [0][-]{chapter.4}{\376\377\000C\000o\000n\000c\000l\000u\000s\000i\000e}{}% 22
\BOOKMARK [1][-]{subsection.4.0.1}{\376\377\000V\000e\000r\000w\000a\000c\000h\000t\000e\000\040\000r\000e\000s\000u\000l\000t\000a\000t\000e\000n}{chapter.4}% 23
\BOOKMARK [2][-]{subsection.4.0.2}{\376\377\000V\000e\000r\000w\000a\000c\000h\000t\000e\000\040\000v\000i\000s\000u\000a\000l\000i\000s\000a\000t\000i\000e\000s\000\040\000e\000n\000\040\000m\000e\000t\000i\000n\000g\000e\000n}{subsection.4.0.1}% 24
\BOOKMARK [2][-]{subsection.4.0.3}{\376\377\000M\000e\000e\000r\000w\000a\000a\000r\000d\000e\000\040\000v\000o\000o\000r\000\040\000d\000e\000\040\000d\000o\000e\000l\000g\000r\000o\000e\000p}{subsection.4.0.1}% 25
\BOOKMARK [2][-]{subsection.4.0.4}{\376\377\000V\000e\000r\000w\000a\000c\000h\000t\000e\000\040\000c\000o\000n\000c\000l\000u\000s\000i\000e}{subsection.4.0.1}% 26
\BOOKMARK [0][-]{appendix.A}{\376\377\000O\000n\000d\000e\000r\000z\000o\000e\000k\000s\000v\000o\000o\000r\000s\000t\000e\000l}{}% 27
\BOOKMARK [1][-]{section.A.1}{\376\377\000I\000n\000l\000e\000i\000d\000i\000n\000g}{appendix.A}% 28
\BOOKMARK [2][-]{subsection.A.1.1}{\376\377\000D\000e\000e\000l\000v\000r\000a\000g\000e\000n\000\040\000m\000.\000b\000.\000t\000\040\000p\000r\000o\000b\000l\000e\000e\000m\000d\000o\000m\000e\000i\000n}{section.A.1}% 29
\BOOKMARK [2][-]{subsection.A.1.2}{\376\377\000D\000e\000e\000l\000v\000r\000a\000g\000e\000n\000\040\000m\000.\000b\000.\000t\000\040\000o\000p\000l\000o\000s\000s\000i\000n\000g\000s\000d\000o\000m\000e\000i\000n}{section.A.1}% 30
\BOOKMARK [1][-]{section.A.2}{\376\377\000S\000t\000a\000n\000d\000\040\000v\000a\000n\000\040\000z\000a\000k\000e\000n}{appendix.A}% 31
\BOOKMARK [2][-]{subsection.A.2.1}{\376\377\000M\000a\000s\000t\000e\000r\000\040\000D\000a\000t\000a\000\040\000M\000a\000n\000a\000g\000e\000m\000e\000n\000t}{section.A.2}% 32
\BOOKMARK [2][-]{subsection.A.2.2}{\376\377\000G\000o\000l\000d\000e\000n\000\040\000r\000e\000c\000o\000r\000d\000s\000\040\000e\000n\000\040\000d\000a\000t\000a\000c\000o\000n\000s\000o\000l\000i\000d\000a\000t\000i\000e}{section.A.2}% 33
\BOOKMARK [2][-]{subsection.A.2.3}{\376\377\000M\000u\000l\000t\000i\000-\000E\000R\000P\000-\000o\000m\000g\000e\000v\000i\000n\000g\000e\000n\000\040\000e\000n\000\040\000d\000e\000\040\000r\000o\000l\000\040\000v\000a\000n\000\040\000M\000a\000s\000t\000e\000r\000\040\000D\000a\000t\000a\000\040\000M\000a\000n\000a\000g\000e\000m\000e\000n\000t}{section.A.2}% 34
\BOOKMARK [2][-]{subsection.A.2.4}{\376\377\000D\000a\000t\000a\000\040\000q\000u\000a\000l\000i\000t\000y\000\040\000e\000n\000\040\000d\000a\000t\000a\000\040\000g\000o\000v\000e\000r\000n\000a\000n\000c\000e\000\040\000b\000i\000n\000n\000e\000n\000\040\000M\000D\000M}{section.A.2}% 35
\BOOKMARK [2][-]{subsection.A.2.5}{\376\377\000B\000e\000s\000t\000a\000a\000n\000d\000e\000\040\000M\000D\000M\000-\000o\000p\000l\000o\000s\000s\000i\000n\000g\000e\000n\000\040\000e\000n\000\040\000i\000m\000p\000l\000e\000m\000e\000n\000t\000a\000t\000i\000e\000b\000e\000n\000a\000d\000e\000r\000i\000n\000g\000e\000n}{section.A.2}% 36
\BOOKMARK [2][-]{subsection.A.2.6}{\376\377\000O\000p\000e\000n\000\040\000u\000i\000t\000d\000a\000g\000i\000n\000g\000e\000n\000\040\000e\000n\000\040\000p\000o\000s\000i\000t\000i\000o\000n\000e\000r\000i\000n\000g\000\040\000v\000a\000n\000\040\000d\000i\000t\000\040\000o\000n\000d\000e\000r\000z\000o\000e\000k}{section.A.2}% 37
\BOOKMARK [1][-]{section.A.3}{\376\377\000M\000e\000t\000h\000o\000d\000o\000l\000o\000g\000i\000e}{appendix.A}% 38
\BOOKMARK [2][-]{subsection.A.3.1}{\376\377\000O\000n\000d\000e\000r\000z\000o\000e\000k\000s\000o\000p\000z\000e\000t}{section.A.3}% 39
\BOOKMARK [2][-]{subsection.A.3.2}{\376\377\000O\000n\000d\000e\000r\000z\000o\000e\000k\000s\000t\000e\000c\000h\000n\000i\000e\000k\000e\000n}{section.A.3}% 40
\BOOKMARK [2][-]{subsection.A.3.3}{\376\377\000D\000a\000t\000a\000v\000e\000r\000z\000a\000m\000e\000l\000i\000n\000g\000\040\000e\000n\000\040\000r\000e\000q\000u\000i\000r\000e\000m\000e\000n\000t\000s}{section.A.3}% 41
\BOOKMARK [2][-]{subsection.A.3.4}{\376\377\000T\000e\000c\000h\000n\000i\000s\000c\000h\000e\000\040\000u\000i\000t\000v\000o\000e\000r\000i\000n\000g\000\040\000v\000a\000n\000\040\000d\000e\000\040\000P\000o\000C}{section.A.3}% 42
\BOOKMARK [2][-]{subsection.A.3.5}{\376\377\000E\000v\000a\000l\000u\000a\000t\000i\000e\000c\000r\000i\000t\000e\000r\000i\000a}{section.A.3}% 43
\BOOKMARK [2][-]{subsection.A.3.6}{\376\377\000T\000o\000o\000l\000s\000\040\000e\000n\000\040\000t\000e\000c\000h\000n\000o\000l\000o\000g\000i\000e\000\040\000\050\000i\000n\000i\000t\000i\000\353\000l\000e\000\040\000k\000e\000u\000z\000e\000\051}{section.A.3}% 44
\BOOKMARK [2][-]{subsection.A.3.7}{\376\377\000P\000l\000a\000n\000n\000i\000n\000g\000\040\000\050\0001\0004\000\040\000w\000e\000k\000e\000n\000,\000\040\000w\000e\000k\000e\000l\000i\000j\000k\000s\000e\000\040\000c\000y\000c\000l\000u\000s\000\051}{section.A.3}% 45
\BOOKMARK [1][-]{section.A.4}{\376\377\000V\000e\000r\000w\000a\000c\000h\000t\000\040\000r\000e\000s\000u\000l\000t\000a\000a\000t\000,\000\040\000c\000o\000n\000c\000l\000u\000s\000i\000e}{appendix.A}% 46
\BOOKMARK [2][-]{subsection.A.4.1}{\376\377\000V\000e\000r\000w\000a\000c\000h\000t\000e\000\040\000r\000e\000s\000u\000l\000t\000a\000t\000e\000n}{section.A.4}% 47
\BOOKMARK [2][-]{subsection.A.4.2}{\376\377\000V\000e\000r\000w\000a\000c\000h\000t\000e\000\040\000v\000i\000s\000u\000a\000l\000i\000s\000a\000t\000i\000e\000s\000\040\000e\000n\000\040\000m\000e\000t\000i\000n\000g\000e\000n}{section.A.4}% 48
\BOOKMARK [2][-]{subsection.A.4.3}{\376\377\000M\000e\000e\000r\000w\000a\000a\000r\000d\000e\000\040\000v\000o\000o\000r\000\040\000d\000e\000\040\000d\000o\000e\000l\000g\000r\000o\000e\000p}{section.A.4}% 49
\BOOKMARK [2][-]{subsection.A.4.4}{\376\377\000V\000e\000r\000w\000a\000c\000h\000t\000e\000\040\000c\000o\000n\000c\000l\000u\000s\000i\000e}{section.A.4}% 50
\BOOKMARK [0][-]{appendix*.7}{\376\377\000B\000i\000b\000l\000i\000o\000g\000r\000a\000f\000i\000e}{}% 51
