\BOOKMARK [1][-]{section.1}{\376\377\000I\000n\000l\000e\000i\000d\000i\000n\000g}{}% 1
\BOOKMARK [2][-]{subsection.1.1}{\376\377\000D\000e\000e\000l\000v\000r\000a\000g\000e\000n\000\040\000m\000.\000b\000.\000t\000\040\000p\000r\000o\000b\000l\000e\000e\000m\000d\000o\000m\000e\000i\000n}{section.1}% 2
\BOOKMARK [2][-]{subsection.1.2}{\376\377\000D\000e\000e\000l\000v\000r\000a\000g\000e\000n\000\040\000m\000.\000b\000.\000t\000\040\000o\000p\000l\000o\000s\000s\000i\000n\000g\000s\000d\000o\000m\000e\000i\000n}{section.1}% 3
\BOOKMARK [1][-]{section.2}{\376\377\000S\000t\000a\000n\000d\000\040\000v\000a\000n\000\040\000z\000a\000k\000e\000n}{}% 4
\BOOKMARK [2][-]{subsection.2.1}{\376\377\000M\000a\000s\000t\000e\000r\000\040\000D\000a\000t\000a\000\040\000M\000a\000n\000a\000g\000e\000m\000e\000n\000t}{section.2}% 5
\BOOKMARK [2][-]{subsection.2.2}{\376\377\000G\000o\000l\000d\000e\000n\000\040\000r\000e\000c\000o\000r\000d\000s\000\040\000e\000n\000\040\000d\000a\000t\000a\000c\000o\000n\000s\000o\000l\000i\000d\000a\000t\000i\000e}{section.2}% 6
\BOOKMARK [2][-]{subsection.2.3}{\376\377\000M\000u\000l\000t\000i\000-\000E\000R\000P\000-\000o\000m\000g\000e\000v\000i\000n\000g\000e\000n\000\040\000e\000n\000\040\000d\000e\000\040\000r\000o\000l\000\040\000v\000a\000n\000\040\000M\000a\000s\000t\000e\000r\000\040\000D\000a\000t\000a\000\040\000M\000a\000n\000a\000g\000e\000m\000e\000n\000t}{section.2}% 7
\BOOKMARK [2][-]{subsection.2.4}{\376\377\000D\000a\000t\000a\000\040\000q\000u\000a\000l\000i\000t\000y\000\040\000e\000n\000\040\000d\000a\000t\000a\000\040\000g\000o\000v\000e\000r\000n\000a\000n\000c\000e\000\040\000b\000i\000n\000n\000e\000n\000\040\000M\000D\000M}{section.2}% 8
\BOOKMARK [2][-]{subsection.2.5}{\376\377\000B\000e\000s\000t\000a\000a\000n\000d\000e\000\040\000M\000D\000M\000-\000o\000p\000l\000o\000s\000s\000i\000n\000g\000e\000n\000\040\000e\000n\000\040\000i\000m\000p\000l\000e\000m\000e\000n\000t\000a\000t\000i\000e\000b\000e\000n\000a\000d\000e\000r\000i\000n\000g\000e\000n}{section.2}% 9
\BOOKMARK [2][-]{subsection.2.6}{\376\377\000O\000p\000e\000n\000\040\000u\000i\000t\000d\000a\000g\000i\000n\000g\000e\000n\000\040\000e\000n\000\040\000p\000o\000s\000i\000t\000i\000o\000n\000e\000r\000i\000n\000g\000\040\000v\000a\000n\000\040\000d\000i\000t\000\040\000o\000n\000d\000e\000r\000z\000o\000e\000k}{section.2}% 10
\BOOKMARK [1][-]{section.3}{\376\377\000M\000e\000t\000h\000o\000d\000o\000l\000o\000g\000i\000e}{}% 11
\BOOKMARK [2][-]{subsection.3.1}{\376\377\000O\000n\000d\000e\000r\000z\000o\000e\000k\000s\000o\000p\000z\000e\000t}{section.3}% 12
\BOOKMARK [2][-]{subsection.3.2}{\376\377\000O\000n\000d\000e\000r\000z\000o\000e\000k\000s\000t\000e\000c\000h\000n\000i\000e\000k\000e\000n}{section.3}% 13
\BOOKMARK [2][-]{subsection.3.3}{\376\377\000D\000a\000t\000a\000v\000e\000r\000z\000a\000m\000e\000l\000i\000n\000g\000\040\000e\000n\000\040\000r\000e\000q\000u\000i\000r\000e\000m\000e\000n\000t\000s}{section.3}% 14
\BOOKMARK [2][-]{subsection.3.4}{\376\377\000T\000e\000c\000h\000n\000i\000s\000c\000h\000e\000\040\000u\000i\000t\000v\000o\000e\000r\000i\000n\000g\000\040\000v\000a\000n\000\040\000d\000e\000\040\000P\000o\000C}{section.3}% 15
\BOOKMARK [2][-]{subsection.3.5}{\376\377\000E\000v\000a\000l\000u\000a\000t\000i\000e\000c\000r\000i\000t\000e\000r\000i\000a}{section.3}% 16
\BOOKMARK [2][-]{subsection.3.6}{\376\377\000T\000o\000o\000l\000s\000\040\000e\000n\000\040\000t\000e\000c\000h\000n\000o\000l\000o\000g\000i\000e\000\040\000\050\000i\000n\000i\000t\000i\000\353\000l\000e\000\040\000k\000e\000u\000z\000e\000\051}{section.3}% 17
\BOOKMARK [2][-]{subsection.3.7}{\376\377\000P\000l\000a\000n\000n\000i\000n\000g\000\040\000\050\0001\0004\000\040\000w\000e\000k\000e\000n\000,\000\040\000w\000e\000k\000e\000l\000i\000j\000k\000s\000e\000\040\000c\000y\000c\000l\000u\000s\000\051}{section.3}% 18
\BOOKMARK [1][-]{section.4}{\376\377\000V\000e\000r\000w\000a\000c\000h\000t\000\040\000r\000e\000s\000u\000l\000t\000a\000a\000t\000,\000\040\000c\000o\000n\000c\000l\000u\000s\000i\000e}{}% 19
\BOOKMARK [2][-]{subsection.4.1}{\376\377\000V\000e\000r\000w\000a\000c\000h\000t\000e\000\040\000r\000e\000s\000u\000l\000t\000a\000t\000e\000n}{section.4}% 20
\BOOKMARK [2][-]{subsection.4.2}{\376\377\000V\000e\000r\000w\000a\000c\000h\000t\000e\000\040\000v\000i\000s\000u\000a\000l\000i\000s\000a\000t\000i\000e\000s\000\040\000e\000n\000\040\000m\000e\000t\000i\000n\000g\000e\000n}{section.4}% 21
\BOOKMARK [2][-]{subsection.4.3}{\376\377\000M\000e\000e\000r\000w\000a\000a\000r\000d\000e\000\040\000v\000o\000o\000r\000\040\000d\000e\000\040\000d\000o\000e\000l\000g\000r\000o\000e\000p}{section.4}% 22
\BOOKMARK [2][-]{subsection.4.4}{\376\377\000V\000e\000r\000w\000a\000c\000h\000t\000e\000\040\000c\000o\000n\000c\000l\000u\000s\000i\000e}{section.4}% 23
\BOOKMARK [1][-]{subsection.4.4}{\376\377\000R\000e\000f\000e\000r\000e\000n\000t\000i\000e\000s}{}% 24
